<?xml version="1.0" encoding="UTF-8"?>
<!-- Generated by org.testng.reporters.JUnitReportReporter -->
<testsuite hostname="Fahima-VAIO" name="keword_Driven_testing.New_Tours_Login" tests="1" failures="0" timestamp="31 Oct 2017 14:15:49 GMT" time="56.716" errors="0">
  <testcase name="Login" time="56.716" classname="keword_Driven_testing.New_Tours_Login"/>
</testsuite> <!-- keword_Driven_testing.New_Tours_Login -->
